{"C:\\Users\\himan\\Desktop\\project\\MERN\\Appointment-Booking-System\\backend\\controllers\\stores.controllers.js": {"path":"C:\\Users\\himan\\Desktop\\project\\MERN\\Appointment-Booking-System\\backend\\controllers\\stores.controllers.js","statementMap":{"0":{"start":{"line":5,"column":0},"end":{"line":9,"column":3}},"1":{"start":{"line":11,"column":27},"end":{"line":71,"column":1}},"2":{"start":{"line":12,"column":2},"end":{"line":70,"column":3}},"3":{"start":{"line":13,"column":17},"end":{"line":13,"column":25}},"4":{"start":{"line":14,"column":71},"end":{"line":14,"column":79}},"5":{"start":{"line":15,"column":4},"end":{"line":17,"column":5}},"6":{"start":{"line":16,"column":6},"end":{"line":16,"column":99}},"7":{"start":{"line":19,"column":30},"end":{"line":24,"column":5}},"8":{"start":{"line":26,"column":4},"end":{"line":28,"column":5}},"9":{"start":{"line":27,"column":6},"end":{"line":27,"column":96}},"10":{"start":{"line":30,"column":25},"end":{"line":30,"column":46}},"11":{"start":{"line":31,"column":17},"end":{"line":33,"column":33}},"12":{"start":{"line":34,"column":20},"end":{"line":34,"column":45}},"13":{"start":{"line":35,"column":18},"end":{"line":35,"column":41}},"14":{"start":{"line":36,"column":23},"end":{"line":36,"column":49}},"15":{"start":{"line":39,"column":21},"end":{"line":56,"column":6}},"16":{"start":{"line":60,"column":23},"end":{"line":60,"column":44}},"17":{"start":{"line":62,"column":4},"end":{"line":66,"column":7}},"18":{"start":{"line":68,"column":4},"end":{"line":68,"column":67}},"19":{"start":{"line":69,"column":4},"end":{"line":69,"column":16}},"20":{"start":{"line":76,"column":27},"end":{"line":115,"column":1}},"21":{"start":{"line":77,"column":2},"end":{"line":114,"column":3}},"22":{"start":{"line":78,"column":16},"end":{"line":78,"column":29}},"23":{"start":{"line":81,"column":24},"end":{"line":81,"column":49}},"24":{"start":{"line":82,"column":4},"end":{"line":88,"column":5}},"25":{"start":{"line":83,"column":6},"end":{"line":83,"column":42}},"26":{"start":{"line":84,"column":6},"end":{"line":87,"column":9}},"27":{"start":{"line":91,"column":36},"end":{"line":91,"column":76}},"28":{"start":{"line":92,"column":4},"end":{"line":94,"column":6}},"29":{"start":{"line":97,"column":33},"end":{"line":97,"column":67}},"30":{"start":{"line":98,"column":4},"end":{"line":104,"column":5}},"31":{"start":{"line":99,"column":6},"end":{"line":99,"column":48}},"32":{"start":{"line":100,"column":6},"end":{"line":103,"column":9}},"33":{"start":{"line":106,"column":4},"end":{"line":110,"column":7}},"34":{"start":{"line":112,"column":4},"end":{"line":112,"column":53}},"35":{"start":{"line":113,"column":4},"end":{"line":113,"column":16}},"36":{"start":{"line":119,"column":27},"end":{"line":144,"column":1}},"37":{"start":{"line":120,"column":2},"end":{"line":143,"column":3}},"38":{"start":{"line":121,"column":19},"end":{"line":121,"column":29}},"39":{"start":{"line":122,"column":19},"end":{"line":122,"column":31}},"40":{"start":{"line":123,"column":23},"end":{"line":123,"column":31}},"41":{"start":{"line":125,"column":25},"end":{"line":129,"column":5}},"42":{"start":{"line":131,"column":4},"end":{"line":133,"column":5}},"43":{"start":{"line":132,"column":6},"end":{"line":132,"column":85}},"44":{"start":{"line":135,"column":4},"end":{"line":139,"column":7}},"45":{"start":{"line":141,"column":4},"end":{"line":141,"column":50}},"46":{"start":{"line":142,"column":4},"end":{"line":142,"column":16}},"47":{"start":{"line":147,"column":26},"end":{"line":162,"column":1}},"48":{"start":{"line":148,"column":2},"end":{"line":161,"column":3}},"49":{"start":{"line":149,"column":19},"end":{"line":149,"column":31}},"50":{"start":{"line":151,"column":19},"end":{"line":151,"column":54}},"51":{"start":{"line":153,"column":4},"end":{"line":157,"column":7}},"52":{"start":{"line":159,"column":4},"end":{"line":159,"column":49}},"53":{"start":{"line":160,"column":4},"end":{"line":160,"column":16}},"54":{"start":{"line":165,"column":35},"end":{"line":178,"column":1}},"55":{"start":{"line":166,"column":0},"end":{"line":177,"column":3}},"56":{"start":{"line":167,"column":19},"end":{"line":167,"column":37}},"57":{"start":{"line":169,"column":4},"end":{"line":173,"column":7}},"58":{"start":{"line":175,"column":4},"end":{"line":175,"column":49}},"59":{"start":{"line":176,"column":4},"end":{"line":176,"column":16}},"60":{"start":{"line":181,"column":24},"end":{"line":203,"column":1}},"61":{"start":{"line":182,"column":2},"end":{"line":202,"column":3}},"62":{"start":{"line":183,"column":19},"end":{"line":183,"column":29}},"63":{"start":{"line":184,"column":19},"end":{"line":184,"column":31}},"64":{"start":{"line":186,"column":18},"end":{"line":186,"column":65}},"65":{"start":{"line":188,"column":4},"end":{"line":193,"column":5}},"66":{"start":{"line":189,"column":6},"end":{"line":192,"column":9}},"67":{"start":{"line":195,"column":4},"end":{"line":198,"column":7}},"68":{"start":{"line":200,"column":4},"end":{"line":200,"column":47}},"69":{"start":{"line":201,"column":4},"end":{"line":201,"column":16}},"70":{"start":{"line":206,"column":28},"end":{"line":235,"column":1}},"71":{"start":{"line":207,"column":2},"end":{"line":234,"column":3}},"72":{"start":{"line":208,"column":19},"end":{"line":208,"column":29}},"73":{"start":{"line":209,"column":19},"end":{"line":209,"column":31}},"74":{"start":{"line":210,"column":51},"end":{"line":210,"column":59}},"75":{"start":{"line":212,"column":4},"end":{"line":214,"column":5}},"76":{"start":{"line":213,"column":6},"end":{"line":213,"column":88}},"77":{"start":{"line":216,"column":25},"end":{"line":220,"column":5}},"78":{"start":{"line":222,"column":4},"end":{"line":224,"column":5}},"79":{"start":{"line":223,"column":6},"end":{"line":223,"column":85}},"80":{"start":{"line":226,"column":4},"end":{"line":230,"column":7}},"81":{"start":{"line":232,"column":4},"end":{"line":232,"column":51}},"82":{"start":{"line":233,"column":4},"end":{"line":233,"column":16}}},"fnMap":{"0":{"name":"(anonymous_0)","decl":{"start":{"line":11,"column":27},"end":{"line":11,"column":28}},"loc":{"start":{"line":11,"column":53},"end":{"line":71,"column":1}},"line":11},"1":{"name":"(anonymous_1)","decl":{"start":{"line":76,"column":27},"end":{"line":76,"column":28}},"loc":{"start":{"line":76,"column":53},"end":{"line":115,"column":1}},"line":76},"2":{"name":"(anonymous_2)","decl":{"start":{"line":119,"column":27},"end":{"line":119,"column":28}},"loc":{"start":{"line":119,"column":53},"end":{"line":144,"column":1}},"line":119},"3":{"name":"(anonymous_3)","decl":{"start":{"line":147,"column":26},"end":{"line":147,"column":27}},"loc":{"start":{"line":147,"column":52},"end":{"line":162,"column":1}},"line":147},"4":{"name":"(anonymous_4)","decl":{"start":{"line":165,"column":35},"end":{"line":165,"column":36}},"loc":{"start":{"line":165,"column":61},"end":{"line":178,"column":1}},"line":165},"5":{"name":"(anonymous_5)","decl":{"start":{"line":181,"column":24},"end":{"line":181,"column":25}},"loc":{"start":{"line":181,"column":50},"end":{"line":203,"column":1}},"line":181},"6":{"name":"(anonymous_6)","decl":{"start":{"line":206,"column":28},"end":{"line":206,"column":29}},"loc":{"start":{"line":206,"column":54},"end":{"line":235,"column":1}},"line":206}},"branchMap":{"0":{"loc":{"start":{"line":6,"column":8},"end":{"line":8,"column":18}},"type":"cond-expr","locations":[{"start":{"line":7,"column":6},"end":{"line":7,"column":23}},{"start":{"line":8,"column":6},"end":{"line":8,"column":18}}],"line":6},"1":{"loc":{"start":{"line":15,"column":4},"end":{"line":17,"column":5}},"type":"if","locations":[{"start":{"line":15,"column":4},"end":{"line":17,"column":5}},{"start":{},"end":{}}],"line":15},"2":{"loc":{"start":{"line":15,"column":8},"end":{"line":15,"column":76}},"type":"binary-expr","locations":[{"start":{"line":15,"column":8},"end":{"line":15,"column":18}},{"start":{"line":15,"column":22},"end":{"line":15,"column":31}},{"start":{"line":15,"column":35},"end":{"line":15,"column":47}},{"start":{"line":15,"column":52},"end":{"line":15,"column":60}},{"start":{"line":15,"column":64},"end":{"line":15,"column":76}}],"line":15},"3":{"loc":{"start":{"line":26,"column":4},"end":{"line":28,"column":5}},"type":"if","locations":[{"start":{"line":26,"column":4},"end":{"line":28,"column":5}},{"start":{},"end":{}}],"line":26},"4":{"loc":{"start":{"line":31,"column":17},"end":{"line":33,"column":33}},"type":"binary-expr","locations":[{"start":{"line":31,"column":17},"end":{"line":31,"column":39}},{"start":{"line":32,"column":7},"end":{"line":32,"column":39}},{"start":{"line":33,"column":7},"end":{"line":33,"column":33}}],"line":31},"5":{"loc":{"start":{"line":82,"column":4},"end":{"line":88,"column":5}},"type":"if","locations":[{"start":{"line":82,"column":4},"end":{"line":88,"column":5}},{"start":{},"end":{}}],"line":82},"6":{"loc":{"start":{"line":98,"column":4},"end":{"line":104,"column":5}},"type":"if","locations":[{"start":{"line":98,"column":4},"end":{"line":104,"column":5}},{"start":{},"end":{}}],"line":98},"7":{"loc":{"start":{"line":131,"column":4},"end":{"line":133,"column":5}},"type":"if","locations":[{"start":{"line":131,"column":4},"end":{"line":133,"column":5}},{"start":{},"end":{}}],"line":131},"8":{"loc":{"start":{"line":188,"column":4},"end":{"line":193,"column":5}},"type":"if","locations":[{"start":{"line":188,"column":4},"end":{"line":193,"column":5}},{"start":{},"end":{}}],"line":188},"9":{"loc":{"start":{"line":212,"column":4},"end":{"line":214,"column":5}},"type":"if","locations":[{"start":{"line":212,"column":4},"end":{"line":214,"column":5}},{"start":{},"end":{}}],"line":212},"10":{"loc":{"start":{"line":212,"column":8},"end":{"line":212,"column":26}},"type":"binary-expr","locations":[{"start":{"line":212,"column":8},"end":{"line":212,"column":13}},{"start":{"line":212,"column":17},"end":{"line":212,"column":26}}],"line":212},"11":{"loc":{"start":{"line":222,"column":4},"end":{"line":224,"column":5}},"type":"if","locations":[{"start":{"line":222,"column":4},"end":{"line":224,"column":5}},{"start":{},"end":{}}],"line":222}},"s":{"0":1,"1":1,"2":3,"3":3,"4":3,"5":3,"6":1,"7":2,"8":2,"9":1,"10":1,"11":1,"12":1,"13":1,"14":1,"15":1,"16":1,"17":1,"18":0,"19":0,"20":1,"21":0,"22":0,"23":0,"24":0,"25":0,"26":0,"27":0,"28":0,"29":0,"30":0,"31":0,"32":0,"33":0,"34":0,"35":0,"36":1,"37":0,"38":0,"39":0,"40":0,"41":0,"42":0,"43":0,"44":0,"45":0,"46":0,"47":1,"48":0,"49":0,"50":0,"51":0,"52":0,"53":0,"54":1,"55":0,"56":0,"57":0,"58":0,"59":0,"60":1,"61":0,"62":0,"63":0,"64":0,"65":0,"66":0,"67":0,"68":0,"69":0,"70":1,"71":0,"72":0,"73":0,"74":0,"75":0,"76":0,"77":0,"78":0,"79":0,"80":0,"81":0,"82":0},"f":{"0":3,"1":0,"2":0,"3":0,"4":0,"5":0,"6":0},"b":{"0":[0,1],"1":[1,2],"2":[3,3,2,2,2],"3":[1,1],"4":[1,0,0],"5":[0,0],"6":[0,0],"7":[0,0],"8":[0,0],"9":[0,0],"10":[0,0],"11":[0,0]},"_coverageSchema":"1a1c01bbd47fc00a2c39e90264f33305004495a9","hash":"bffd5641890a0b6793d6a4defb1b8f2b6156a120"}
,"C:\\Users\\himan\\Desktop\\project\\MERN\\Appointment-Booking-System\\backend\\db\\schema\\services.models.js": {"path":"C:\\Users\\himan\\Desktop\\project\\MERN\\Appointment-Booking-System\\backend\\db\\schema\\services.models.js","statementMap":{"0":{"start":{"line":3,"column":22},"end":{"line":63,"column":2}},"1":{"start":{"line":65,"column":16},"end":{"line":65,"column":56}}},"fnMap":{},"branchMap":{},"s":{"0":1,"1":1},"f":{},"b":{},"_coverageSchema":"1a1c01bbd47fc00a2c39e90264f33305004495a9","hash":"bcf9784ed7b2c5fe0744f5626dc420eb9018cada"}
,"C:\\Users\\himan\\Desktop\\project\\MERN\\Appointment-Booking-System\\tests\\backend_tests\\testApp.js": {"path":"C:\\Users\\himan\\Desktop\\project\\MERN\\Appointment-Booking-System\\tests\\backend_tests\\testApp.js","statementMap":{"0":{"start":{"line":4,"column":12},"end":{"line":4,"column":21}},"1":{"start":{"line":5,"column":0},"end":{"line":5,"column":24}},"2":{"start":{"line":8,"column":0},"end":{"line":14,"column":3}},"3":{"start":{"line":9,"column":2},"end":{"line":12,"column":4}},"4":{"start":{"line":13,"column":2},"end":{"line":13,"column":9}},"5":{"start":{"line":17,"column":0},"end":{"line":17,"column":33}}},"fnMap":{"0":{"name":"(anonymous_0)","decl":{"start":{"line":8,"column":8},"end":{"line":8,"column":9}},"loc":{"start":{"line":8,"column":28},"end":{"line":14,"column":1}},"line":8}},"branchMap":{},"s":{"0":1,"1":1,"2":1,"3":3,"4":3,"5":1},"f":{"0":3},"b":{},"_coverageSchema":"1a1c01bbd47fc00a2c39e90264f33305004495a9","hash":"61db5986c5e85cac327b9d9c13ea8ed8d0b8c830"}
}
