TN:
SF:backend\controllers\stores.controllers.js
FN:11,(anonymous_0)
FN:76,(anonymous_1)
FN:119,(anonymous_2)
FN:147,(anonymous_3)
FN:165,(anonymous_4)
FN:181,(anonymous_5)
FN:206,(anonymous_6)
FNF:7
FNH:1
FNDA:3,(anonymous_0)
FNDA:0,(anonymous_1)
FNDA:0,(anonymous_2)
FNDA:0,(anonymous_3)
FNDA:0,(anonymous_4)
FNDA:0,(anonymous_5)
FNDA:0,(anonymous_6)
DA:5,1
DA:11,1
DA:12,3
DA:13,3
DA:14,3
DA:15,3
DA:16,1
DA:19,2
DA:26,2
DA:27,1
DA:30,1
DA:31,1
DA:34,1
DA:35,1
DA:36,1
DA:39,1
DA:60,1
DA:62,1
DA:68,0
DA:69,0
DA:76,1
DA:77,0
DA:78,0
DA:81,0
DA:82,0
DA:83,0
DA:84,0
DA:91,0
DA:92,0
DA:97,0
DA:98,0
DA:99,0
DA:100,0
DA:106,0
DA:112,0
DA:113,0
DA:119,1
DA:120,0
DA:121,0
DA:122,0
DA:123,0
DA:125,0
DA:131,0
DA:132,0
DA:135,0
DA:141,0
DA:142,0
DA:147,1
DA:148,0
DA:149,0
DA:151,0
DA:153,0
DA:159,0
DA:160,0
DA:165,1
DA:166,0
DA:167,0
DA:169,0
DA:175,0
DA:176,0
DA:181,1
DA:182,0
DA:183,0
DA:184,0
DA:186,0
DA:188,0
DA:189,0
DA:195,0
DA:200,0
DA:201,0
DA:206,1
DA:207,0
DA:208,0
DA:209,0
DA:210,0
DA:212,0
DA:213,0
DA:216,0
DA:222,0
DA:223,0
DA:226,0
DA:232,0
DA:233,0
LF:83
LH:24
BRDA:6,0,0,0
BRDA:6,0,1,1
BRDA:15,1,0,1
BRDA:15,1,1,2
BRDA:15,2,0,3
BRDA:15,2,1,3
BRDA:15,2,2,2
BRDA:15,2,3,2
BRDA:15,2,4,2
BRDA:26,3,0,1
BRDA:26,3,1,1
BRDA:31,4,0,1
BRDA:31,4,1,0
BRDA:31,4,2,0
BRDA:82,5,0,0
BRDA:82,5,1,0
BRDA:98,6,0,0
BRDA:98,6,1,0
BRDA:131,7,0,0
BRDA:131,7,1,0
BRDA:188,8,0,0
BRDA:188,8,1,0
BRDA:212,9,0,0
BRDA:212,9,1,0
BRDA:212,10,0,0
BRDA:212,10,1,0
BRDA:222,11,0,0
BRDA:222,11,1,0
BRF:28
BRH:11
end_of_record
TN:
SF:backend\db\schema\services.models.js
FNF:0
FNH:0
DA:3,1
DA:65,1
LF:2
LH:2
BRF:0
BRH:0
end_of_record
TN:
SF:tests\backend_tests\testApp.js
FN:8,(anonymous_0)
FNF:1
FNH:1
FNDA:3,(anonymous_0)
DA:4,1
DA:5,1
DA:8,1
DA:9,3
DA:13,3
DA:17,1
LF:6
LH:6
BRF:0
BRH:0
end_of_record
